[2025-09-17 18:15:15.754 -05:00 INF] Default admin user and categories created {}
[2025-09-17 18:15:15.803 -05:00 WRN] No XML encryptor configured. Key {23191781-720b-495f-b579-36983e8f6603} may be persisted to storage in unencrypted form. {"EventId":{"Id":35,"Name":"NoXMLEncryptorConfiguredKeyMayBePersistedToStorageInUnencryptedForm"},"SourceContext":"Microsoft.AspNetCore.DataProtection.KeyManagement.XmlKeyManager"}
[2025-09-17 18:15:16.098 -05:00 WRN] The ASP.NET Core developer certificate is not trusted. For information about trusting the ASP.NET Core developer certificate, see https://aka.ms/aspnet/https-trust-dev-cert {"EventId":{"Id":8,"Name":"DeveloperCertificateNotTrusted"},"SourceContext":"Microsoft.AspNetCore.Server.Kestrel.Core.KestrelServer"}
[2025-09-17 18:15:16.109 -05:00 INF] Now listening on: https://localhost:7001 {"EventId":{"Id":14,"Name":"ListeningOnAddress"},"SourceContext":"Microsoft.Hosting.Lifetime"}
[2025-09-17 18:15:16.110 -05:00 INF] Now listening on: http://localhost:5001 {"EventId":{"Id":14,"Name":"ListeningOnAddress"},"SourceContext":"Microsoft.Hosting.Lifetime"}
[2025-09-17 18:15:16.111 -05:00 INF] Application started. Press Ctrl+C to shut down. {"SourceContext":"Microsoft.Hosting.Lifetime"}
[2025-09-17 18:15:16.111 -05:00 INF] Hosting environment: Development {"SourceContext":"Microsoft.Hosting.Lifetime"}
[2025-09-17 18:15:16.111 -05:00 INF] Content root path: /Users/alexanderedwards/Documents/dev/ezra-takehome/TodoApi {"SourceContext":"Microsoft.Hosting.Lifetime"}
[2025-09-17 18:21:20.622 -05:00 INF] Application is shutting down... {"SourceContext":"Microsoft.Hosting.Lifetime"}
[2025-09-17 18:22:04.704 -05:00 INF] Now listening on: http://localhost:5001 {"EventId":{"Id":14,"Name":"ListeningOnAddress"},"SourceContext":"Microsoft.Hosting.Lifetime"}
[2025-09-17 18:22:04.751 -05:00 INF] Application started. Press Ctrl+C to shut down. {"SourceContext":"Microsoft.Hosting.Lifetime"}
[2025-09-17 18:22:04.752 -05:00 INF] Hosting environment: Development {"SourceContext":"Microsoft.Hosting.Lifetime"}
[2025-09-17 18:22:04.752 -05:00 INF] Content root path: /Users/alexanderedwards/Documents/dev/ezra-takehome/TodoApi {"SourceContext":"Microsoft.Hosting.Lifetime"}
[2025-09-17 18:22:21.942 -05:00 INF] JWT token generated for user 02c8ca6a-0914-4180-a1c1-70de0529cb42 {"SourceContext":"TodoApi.Services.TokenService","ActionId":"1aa80704-8839-4ed7-b182-b4db9f3a5347","ActionName":"TodoApi.Controllers.AuthController.Login (TodoApi)","RequestId":"0HNFM843O9THK:00000001","RequestPath":"/api/auth/login","ConnectionId":"0HNFM843O9THK"}
[2025-09-17 18:22:21.943 -05:00 INF] User admin@todoapp.com logged in successfully {"SourceContext":"TodoApi.Controllers.AuthController","ActionId":"1aa80704-8839-4ed7-b182-b4db9f3a5347","ActionName":"TodoApi.Controllers.AuthController.Login (TodoApi)","RequestId":"0HNFM843O9THK:00000001","RequestPath":"/api/auth/login","ConnectionId":"0HNFM843O9THK"}
[2025-09-17 18:22:27.575 -05:00 INF] JWT token generated for user 02c8ca6a-0914-4180-a1c1-70de0529cb42 {"SourceContext":"TodoApi.Services.TokenService","ActionId":"1aa80704-8839-4ed7-b182-b4db9f3a5347","ActionName":"TodoApi.Controllers.AuthController.Login (TodoApi)","RequestId":"0HNFM843O9THL:00000002","RequestPath":"/api/auth/login","ConnectionId":"0HNFM843O9THL"}
[2025-09-17 18:22:27.575 -05:00 INF] User admin@todoapp.com logged in successfully {"SourceContext":"TodoApi.Controllers.AuthController","ActionId":"1aa80704-8839-4ed7-b182-b4db9f3a5347","ActionName":"TodoApi.Controllers.AuthController.Login (TodoApi)","RequestId":"0HNFM843O9THL:00000002","RequestPath":"/api/auth/login","ConnectionId":"0HNFM843O9THL"}
[2025-09-17 18:22:34.157 -05:00 INF] JWT token generated for user 02c8ca6a-0914-4180-a1c1-70de0529cb42 {"SourceContext":"TodoApi.Services.TokenService","ActionId":"1aa80704-8839-4ed7-b182-b4db9f3a5347","ActionName":"TodoApi.Controllers.AuthController.Login (TodoApi)","RequestId":"0HNFM843O9THM:00000002","RequestPath":"/api/auth/login","ConnectionId":"0HNFM843O9THM"}
[2025-09-17 18:22:34.158 -05:00 INF] User admin@todoapp.com logged in successfully {"SourceContext":"TodoApi.Controllers.AuthController","ActionId":"1aa80704-8839-4ed7-b182-b4db9f3a5347","ActionName":"TodoApi.Controllers.AuthController.Login (TodoApi)","RequestId":"0HNFM843O9THM:00000002","RequestPath":"/api/auth/login","ConnectionId":"0HNFM843O9THM"}
[2025-09-17 18:23:23.642 -05:00 INF] Application is shutting down... {"SourceContext":"Microsoft.Hosting.Lifetime"}
[2025-09-17 18:23:33.371 -05:00 INF] Now listening on: https://localhost:7001 {"EventId":{"Id":14,"Name":"ListeningOnAddress"},"SourceContext":"Microsoft.Hosting.Lifetime"}
[2025-09-17 18:23:33.396 -05:00 INF] Now listening on: http://localhost:5001 {"EventId":{"Id":14,"Name":"ListeningOnAddress"},"SourceContext":"Microsoft.Hosting.Lifetime"}
[2025-09-17 18:23:33.397 -05:00 INF] Application started. Press Ctrl+C to shut down. {"SourceContext":"Microsoft.Hosting.Lifetime"}
[2025-09-17 18:23:33.397 -05:00 INF] Hosting environment: Development {"SourceContext":"Microsoft.Hosting.Lifetime"}
[2025-09-17 18:23:33.398 -05:00 INF] Content root path: /Users/alexanderedwards/Documents/dev/ezra-takehome/TodoApi {"SourceContext":"Microsoft.Hosting.Lifetime"}
[2025-09-17 18:23:40.286 -05:00 INF] JWT token generated for user 02c8ca6a-0914-4180-a1c1-70de0529cb42 {"SourceContext":"TodoApi.Services.TokenService","ActionId":"efaf96aa-54c3-4c70-b36c-177de058692f","ActionName":"TodoApi.Controllers.AuthController.Login (TodoApi)","RequestId":"0HNFM84U3KL0J:00000001","RequestPath":"/api/auth/login","ConnectionId":"0HNFM84U3KL0J"}
[2025-09-17 18:23:40.286 -05:00 INF] User admin@todoapp.com logged in successfully {"SourceContext":"TodoApi.Controllers.AuthController","ActionId":"efaf96aa-54c3-4c70-b36c-177de058692f","ActionName":"TodoApi.Controllers.AuthController.Login (TodoApi)","RequestId":"0HNFM84U3KL0J:00000001","RequestPath":"/api/auth/login","ConnectionId":"0HNFM84U3KL0J"}
[2025-09-17 18:23:59.692 -05:00 INF] JWT token generated for user 02c8ca6a-0914-4180-a1c1-70de0529cb42 {"SourceContext":"TodoApi.Services.TokenService","ActionId":"efaf96aa-54c3-4c70-b36c-177de058692f","ActionName":"TodoApi.Controllers.AuthController.Login (TodoApi)","RequestId":"0HNFM84U3KL0M:00000003","RequestPath":"/api/auth/login","ConnectionId":"0HNFM84U3KL0M"}
[2025-09-17 18:23:59.692 -05:00 INF] User admin@todoapp.com logged in successfully {"SourceContext":"TodoApi.Controllers.AuthController","ActionId":"efaf96aa-54c3-4c70-b36c-177de058692f","ActionName":"TodoApi.Controllers.AuthController.Login (TodoApi)","RequestId":"0HNFM84U3KL0M:00000003","RequestPath":"/api/auth/login","ConnectionId":"0HNFM84U3KL0M"}
[2025-09-17 18:30:56.447 -05:00 INF] JWT token generated for user 02c8ca6a-0914-4180-a1c1-70de0529cb42 {"SourceContext":"TodoApi.Services.TokenService","ActionId":"efaf96aa-54c3-4c70-b36c-177de058692f","ActionName":"TodoApi.Controllers.AuthController.Login (TodoApi)","RequestId":"0HNFM84U3KL0N:0000000F","RequestPath":"/api/auth/login","ConnectionId":"0HNFM84U3KL0N"}
[2025-09-17 18:30:56.448 -05:00 INF] User admin@todoapp.com logged in successfully {"SourceContext":"TodoApi.Controllers.AuthController","ActionId":"efaf96aa-54c3-4c70-b36c-177de058692f","ActionName":"TodoApi.Controllers.AuthController.Login (TodoApi)","RequestId":"0HNFM84U3KL0N:0000000F","RequestPath":"/api/auth/login","ConnectionId":"0HNFM84U3KL0N"}
[2025-09-17 18:32:30.695 -05:00 INF] JWT token generated for user 02c8ca6a-0914-4180-a1c1-70de0529cb42 {"SourceContext":"TodoApi.Services.TokenService","ActionId":"efaf96aa-54c3-4c70-b36c-177de058692f","ActionName":"TodoApi.Controllers.AuthController.Login (TodoApi)","RequestId":"0HNFM84U3KL0P:00000003","RequestPath":"/api/auth/login","ConnectionId":"0HNFM84U3KL0P"}
[2025-09-17 18:32:30.696 -05:00 INF] User admin@todoapp.com logged in successfully {"SourceContext":"TodoApi.Controllers.AuthController","ActionId":"efaf96aa-54c3-4c70-b36c-177de058692f","ActionName":"TodoApi.Controllers.AuthController.Login (TodoApi)","RequestId":"0HNFM84U3KL0P:00000003","RequestPath":"/api/auth/login","ConnectionId":"0HNFM84U3KL0P"}
[2025-09-17 18:32:43.051 -05:00 INF] JWT token generated for user 02c8ca6a-0914-4180-a1c1-70de0529cb42 {"SourceContext":"TodoApi.Services.TokenService","ActionId":"efaf96aa-54c3-4c70-b36c-177de058692f","ActionName":"TodoApi.Controllers.AuthController.Login (TodoApi)","RequestId":"0HNFM84U3KL0R:00000003","RequestPath":"/api/auth/login","ConnectionId":"0HNFM84U3KL0R"}
[2025-09-17 18:32:43.051 -05:00 INF] User admin@todoapp.com logged in successfully {"SourceContext":"TodoApi.Controllers.AuthController","ActionId":"efaf96aa-54c3-4c70-b36c-177de058692f","ActionName":"TodoApi.Controllers.AuthController.Login (TodoApi)","RequestId":"0HNFM84U3KL0R:00000003","RequestPath":"/api/auth/login","ConnectionId":"0HNFM84U3KL0R"}
[2025-09-17 18:34:12.450 -05:00 INF] Application is shutting down... {"SourceContext":"Microsoft.Hosting.Lifetime"}
[2025-09-17 18:34:55.444 -05:00 WRN] The ASP.NET Core developer certificate is in an invalid state. To fix this issue, run 'dotnet dev-certs https --clean' and 'dotnet dev-certs https' to remove all existing ASP.NET Core development certificates and create a new untrusted developer certificate. Use 'dotnet dev-certs https --trust' to trust the new certificate. {"EventId":{"Id":5,"Name":"DeveloperCertificateFirstRun"},"SourceContext":"Microsoft.AspNetCore.Server.Kestrel.Core.KestrelServer"}
[2025-09-17 18:34:55.468 -05:00 ERR] Hosting failed to start {"EventId":{"Id":11,"Name":"HostedServiceStartupFaulted"},"SourceContext":"Microsoft.Extensions.Hosting.Internal.Host"}
System.InvalidOperationException: Unable to configure HTTPS endpoint. No server certificate was specified, and the default developer certificate could not be found or is out of date.
To generate a developer certificate run 'dotnet dev-certs https'. To trust the certificate (Windows and macOS only) run 'dotnet dev-certs https --trust'.
For more information on configuring HTTPS see https://go.microsoft.com/fwlink/?linkid=848054.
   at Microsoft.AspNetCore.Hosting.ListenOptionsHttpsExtensions.UseHttps(ListenOptions listenOptions, Action`1 configureOptions)
   at Microsoft.AspNetCore.Server.Kestrel.Core.Internal.AddressBinder.AddressesStrategy.BindAsync(AddressBindContext context, CancellationToken cancellationToken)
   at Microsoft.AspNetCore.Server.Kestrel.Core.KestrelServerImpl.BindAsync(CancellationToken cancellationToken)
   at Microsoft.AspNetCore.Server.Kestrel.Core.KestrelServerImpl.StartAsync[TContext](IHttpApplication`1 application, CancellationToken cancellationToken)
   at Microsoft.AspNetCore.Hosting.GenericWebHostService.StartAsync(CancellationToken cancellationToken)
   at Microsoft.Extensions.Hosting.Internal.Host.<StartAsync>b__14_1(IHostedService service, CancellationToken token)
   at Microsoft.Extensions.Hosting.Internal.Host.ForeachService[T](IEnumerable`1 services, CancellationToken token, Boolean concurrent, Boolean abortOnFirstException, List`1 exceptions, Func`3 operation)
[2025-09-17 18:35:49.094 -05:00 INF] Now listening on: http://localhost:5001 {"EventId":{"Id":14,"Name":"ListeningOnAddress"},"SourceContext":"Microsoft.Hosting.Lifetime"}
[2025-09-17 18:35:49.131 -05:00 INF] Application started. Press Ctrl+C to shut down. {"SourceContext":"Microsoft.Hosting.Lifetime"}
[2025-09-17 18:35:49.131 -05:00 INF] Hosting environment: Development {"SourceContext":"Microsoft.Hosting.Lifetime"}
[2025-09-17 18:35:49.131 -05:00 INF] Content root path: /Users/alexanderedwards/Documents/dev/ezra-takehome/TodoApi {"SourceContext":"Microsoft.Hosting.Lifetime"}
[2025-09-17 18:35:57.423 -05:00 INF] JWT token generated for user 02c8ca6a-0914-4180-a1c1-70de0529cb42 {"SourceContext":"TodoApi.Services.TokenService","ActionId":"6056c9ec-1818-4526-a5ff-5f537c5307ae","ActionName":"TodoApi.Controllers.AuthController.Login (TodoApi)","RequestId":"0HNFM8BPQ0KEJ:00000002","RequestPath":"/api/auth/login","ConnectionId":"0HNFM8BPQ0KEJ"}
[2025-09-17 18:35:57.424 -05:00 INF] User admin@todoapp.com logged in successfully {"SourceContext":"TodoApi.Controllers.AuthController","ActionId":"6056c9ec-1818-4526-a5ff-5f537c5307ae","ActionName":"TodoApi.Controllers.AuthController.Login (TodoApi)","RequestId":"0HNFM8BPQ0KEJ:00000002","RequestPath":"/api/auth/login","ConnectionId":"0HNFM8BPQ0KEJ"}
[2025-09-17 18:41:29.708 -05:00 INF] Application is shutting down... {"SourceContext":"Microsoft.Hosting.Lifetime"}
[2025-09-17 18:41:41.104 -05:00 INF] Now listening on: http://localhost:5001 {"EventId":{"Id":14,"Name":"ListeningOnAddress"},"SourceContext":"Microsoft.Hosting.Lifetime"}
[2025-09-17 18:41:41.149 -05:00 INF] Application started. Press Ctrl+C to shut down. {"SourceContext":"Microsoft.Hosting.Lifetime"}
[2025-09-17 18:41:41.149 -05:00 INF] Hosting environment: Development {"SourceContext":"Microsoft.Hosting.Lifetime"}
[2025-09-17 18:41:41.149 -05:00 INF] Content root path: /Users/alexanderedwards/Documents/dev/ezra-takehome/TodoApi {"SourceContext":"Microsoft.Hosting.Lifetime"}
[2025-09-17 18:48:01.426 -05:00 INF] Todo item created with ID 1 for user 02c8ca6a-0914-4180-a1c1-70de0529cb42 {"SourceContext":"TodoApi.Services.TodoService","ActionId":"0cd515cf-c79f-457a-86c7-2c6143b16033","ActionName":"TodoApi.Controllers.TodoController.CreateTodoItem (TodoApi)","RequestId":"0HNFM8F5A84EL:00000002","RequestPath":"/api/todo","ConnectionId":"0HNFM8F5A84EL"}
[2025-09-17 18:48:12.893 -05:00 INF] Todo item 1 updated for user 02c8ca6a-0914-4180-a1c1-70de0529cb42 {"SourceContext":"TodoApi.Services.TodoService","ActionId":"0ae8d19c-25b9-4707-bbf9-6863fea75421","ActionName":"TodoApi.Controllers.TodoController.UpdateTodoItem (TodoApi)","RequestId":"0HNFM8F5A84ER:00000002","RequestPath":"/api/todo/1","ConnectionId":"0HNFM8F5A84ER"}
[2025-09-17 18:49:20.431 -05:00 INF] JWT token generated for user 02c8ca6a-0914-4180-a1c1-70de0529cb42 {"SourceContext":"TodoApi.Services.TokenService","ActionId":"0e2c4eba-4609-4a29-a0f6-54e23ecb60c5","ActionName":"TodoApi.Controllers.AuthController.Login (TodoApi)","RequestId":"0HNFM8F5A84FC:00000002","RequestPath":"/api/auth/login","ConnectionId":"0HNFM8F5A84FC"}
[2025-09-17 18:49:20.431 -05:00 INF] User admin@todoapp.com logged in successfully {"SourceContext":"TodoApi.Controllers.AuthController","ActionId":"0e2c4eba-4609-4a29-a0f6-54e23ecb60c5","ActionName":"TodoApi.Controllers.AuthController.Login (TodoApi)","RequestId":"0HNFM8F5A84FC:00000002","RequestPath":"/api/auth/login","ConnectionId":"0HNFM8F5A84FC"}
[2025-09-17 18:59:18.788 -05:00 INF] JWT token generated for user 02c8ca6a-0914-4180-a1c1-70de0529cb42 {"SourceContext":"TodoApi.Services.TokenService","ActionId":"0e2c4eba-4609-4a29-a0f6-54e23ecb60c5","ActionName":"TodoApi.Controllers.AuthController.Login (TodoApi)","RequestId":"0HNFM8F5A84FM:00000002","RequestPath":"/api/auth/login","ConnectionId":"0HNFM8F5A84FM"}
[2025-09-17 18:59:18.788 -05:00 INF] User admin@todoapp.com logged in successfully {"SourceContext":"TodoApi.Controllers.AuthController","ActionId":"0e2c4eba-4609-4a29-a0f6-54e23ecb60c5","ActionName":"TodoApi.Controllers.AuthController.Login (TodoApi)","RequestId":"0HNFM8F5A84FM:00000002","RequestPath":"/api/auth/login","ConnectionId":"0HNFM8F5A84FM"}
[2025-09-17 18:59:39.256 -05:00 INF] JWT token generated for user 7718a180-a71d-47f1-8cf1-ff7c171963e2 {"SourceContext":"TodoApi.Services.TokenService","ActionId":"3e586b22-8c7e-424b-91bf-9bb5e427b667","ActionName":"TodoApi.Controllers.AuthController.Register (TodoApi)","RequestId":"0HNFM8F5A84FP:00000002","RequestPath":"/api/auth/register","ConnectionId":"0HNFM8F5A84FP"}
[2025-09-17 18:59:39.257 -05:00 INF] User edwardsalexk@gmail.com registered successfully {"SourceContext":"TodoApi.Controllers.AuthController","ActionId":"3e586b22-8c7e-424b-91bf-9bb5e427b667","ActionName":"TodoApi.Controllers.AuthController.Register (TodoApi)","RequestId":"0HNFM8F5A84FP:00000002","RequestPath":"/api/auth/register","ConnectionId":"0HNFM8F5A84FP"}
[2025-09-17 18:59:53.491 -05:00 INF] Todo item created with ID 2 for user 7718a180-a71d-47f1-8cf1-ff7c171963e2 {"SourceContext":"TodoApi.Services.TodoService","ActionId":"0cd515cf-c79f-457a-86c7-2c6143b16033","ActionName":"TodoApi.Controllers.TodoController.CreateTodoItem (TodoApi)","RequestId":"0HNFM8F5A84FS:00000002","RequestPath":"/api/todo","ConnectionId":"0HNFM8F5A84FS"}
[2025-09-17 18:59:57.994 -05:00 INF] JWT token generated for user 02c8ca6a-0914-4180-a1c1-70de0529cb42 {"SourceContext":"TodoApi.Services.TokenService","ActionId":"0e2c4eba-4609-4a29-a0f6-54e23ecb60c5","ActionName":"TodoApi.Controllers.AuthController.Login (TodoApi)","RequestId":"0HNFM8F5A84FU:00000002","RequestPath":"/api/auth/login","ConnectionId":"0HNFM8F5A84FU"}
[2025-09-17 18:59:57.994 -05:00 INF] User admin@todoapp.com logged in successfully {"SourceContext":"TodoApi.Controllers.AuthController","ActionId":"0e2c4eba-4609-4a29-a0f6-54e23ecb60c5","ActionName":"TodoApi.Controllers.AuthController.Login (TodoApi)","RequestId":"0HNFM8F5A84FU:00000002","RequestPath":"/api/auth/login","ConnectionId":"0HNFM8F5A84FU"}
[2025-09-17 19:00:10.045 -05:00 INF] JWT token generated for user 7718a180-a71d-47f1-8cf1-ff7c171963e2 {"SourceContext":"TodoApi.Services.TokenService","ActionId":"0e2c4eba-4609-4a29-a0f6-54e23ecb60c5","ActionName":"TodoApi.Controllers.AuthController.Login (TodoApi)","RequestId":"0HNFM8F5A84G2:00000002","RequestPath":"/api/auth/login","ConnectionId":"0HNFM8F5A84G2"}
[2025-09-17 19:00:10.046 -05:00 INF] User edwardsalexk@gmail.com logged in successfully {"SourceContext":"TodoApi.Controllers.AuthController","ActionId":"0e2c4eba-4609-4a29-a0f6-54e23ecb60c5","ActionName":"TodoApi.Controllers.AuthController.Login (TodoApi)","RequestId":"0HNFM8F5A84G2:00000002","RequestPath":"/api/auth/login","ConnectionId":"0HNFM8F5A84G2"}
[2025-09-17 19:01:05.030 -05:00 INF] Todo item 2 updated for user 7718a180-a71d-47f1-8cf1-ff7c171963e2 {"SourceContext":"TodoApi.Services.TodoService","ActionId":"0ae8d19c-25b9-4707-bbf9-6863fea75421","ActionName":"TodoApi.Controllers.TodoController.UpdateTodoItem (TodoApi)","RequestId":"0HNFM8F5A84GB:00000002","RequestPath":"/api/todo/2","ConnectionId":"0HNFM8F5A84GB"}
[2025-09-17 19:01:11.762 -05:00 INF] Todo item 2 completion toggled to true for user 7718a180-a71d-47f1-8cf1-ff7c171963e2 {"SourceContext":"TodoApi.Services.TodoService","ActionId":"e6dbcbec-f92a-4d83-88f2-02c86cebac77","ActionName":"TodoApi.Controllers.TodoController.ToggleCompletion (TodoApi)","RequestId":"0HNFM8F5A84GG:00000002","RequestPath":"/api/todo/2/toggle","ConnectionId":"0HNFM8F5A84GG"}
